[debug] [2024-09-19T10:10:49.524Z] ----------------------------------------------------------------------
[debug] [2024-09-19T10:10:49.529Z] Command:       C:\Program Files\nodejs\node.exe C:\Users\erinw\AppData\Roaming\npm\node_modules\firebase-tools\lib\bin\firebase.js init
[debug] [2024-09-19T10:10:49.529Z] CLI Version:   13.17.0
[debug] [2024-09-19T10:10:49.530Z] Platform:      win32
[debug] [2024-09-19T10:10:49.530Z] Node Version:  v20.16.0
[debug] [2024-09-19T10:10:49.530Z] Time:          Thu Sep 19 2024 12:10:49 GMT+0200 (South Africa Standard Time)
[debug] [2024-09-19T10:10:49.530Z] ----------------------------------------------------------------------
[debug] 
[debug] [2024-09-19T10:10:49.635Z] > command requires scopes: ["email","openid","https://www.googleapis.com/auth/cloudplatformprojects.readonly","https://www.googleapis.com/auth/firebase","https://www.googleapis.com/auth/cloud-platform"]
[debug] [2024-09-19T10:10:49.635Z] > authorizing via signed-in user (erinwilliamscat@gmail.com)
[info] 
     ######## #### ########  ######## ########     ###     ######  ########
     ##        ##  ##     ## ##       ##     ##  ##   ##  ##       ##
     ######    ##  ########  ######   ########  #########  ######  ######
     ##        ##  ##    ##  ##       ##     ## ##     ##       ## ##
     ##       #### ##     ## ######## ########  ##     ##  ######  ########

You're about to initialize a Firebase project in this directory:

  C:\Users\erinw\Erin\Node\node-ecommerce

Before we get started, keep in mind:

  * You are initializing within an existing Firebase project directory

[info] 
=== Project Setup
[info] 
[info] First, let's associate this project directory with a Firebase project.
[info] You can create multiple project aliases by running firebase use --add, 
[info] but for now we'll just set up a default project.
[info] 
[debug] [2024-09-19T10:10:54.891Z] Using project from CLI flag: erins-vue-portfolio
[debug] [2024-09-19T10:10:54.894Z] >>> [apiv2][query] GET https://firebase.googleapis.com/v1beta1/projects/erins-vue-portfolio [none]
[debug] [2024-09-19T10:10:55.599Z] <<< [apiv2][status] GET https://firebase.googleapis.com/v1beta1/projects/erins-vue-portfolio 200
[debug] [2024-09-19T10:10:55.599Z] <<< [apiv2][body] GET https://firebase.googleapis.com/v1beta1/projects/erins-vue-portfolio {"projectId":"erins-vue-portfolio","projectNumber":"363401145223","displayName":"erins-vue-portfolio","name":"projects/erins-vue-portfolio","resources":{"hostingSite":"erins-vue-portfolio"},"state":"ACTIVE","etag":"1_3051436b-a4b0-46c9-b355-7a00eecbc2ba"}
[info] i  Using project erins-vue-portfolio (erins-vue-portfolio) 
[info] 
=== Hosting Setup
[debug] [2024-09-19T10:10:55.607Z] >>> [apiv2][query] GET https://firebase.googleapis.com/v1beta1/projects/erins-vue-portfolio [none]
[debug] [2024-09-19T10:10:55.984Z] <<< [apiv2][status] GET https://firebase.googleapis.com/v1beta1/projects/erins-vue-portfolio 200
[debug] [2024-09-19T10:10:55.984Z] <<< [apiv2][body] GET https://firebase.googleapis.com/v1beta1/projects/erins-vue-portfolio {"projectId":"erins-vue-portfolio","projectNumber":"363401145223","displayName":"erins-vue-portfolio","name":"projects/erins-vue-portfolio","resources":{"hostingSite":"erins-vue-portfolio"},"state":"ACTIVE","etag":"1_3051436b-a4b0-46c9-b355-7a00eecbc2ba"}
[info] 
[info] Your public directory is the folder (relative to your project directory) that
[info] will contain Hosting assets to be uploaded with firebase deploy. If you
[info] have a build process for your assets, use your build's output directory.
[info] 
